<?xml version="1.0" encoding="UTF-8"?>
<!-- Generated by org.testng.reporters.JUnitXMLReporter -->
<testsuite hostname="DESKTOP-C9OMQNM" ignored="0" name="Default test" tests="3" failures="0" timestamp="09 Jul 2018 22:47:45 GMT" time="9.095" errors="0">
  <testcase name="labelsVerication" time="0.766" classname="pomdesign.WebOrderTests"/>
  <testcase name="availableProductsTest" time="0.82" classname="pomdesign.WebOrderTests"/>
  <testcase name="orderPage" time="1.981" classname="pomdesign.WebOrderTests"/>
</testsuite> <!-- Default test -->
